<?xml version="1.0" encoding="UTF-8"?>
<!-- Generated by org.testng.reporters.JUnitReportReporter -->
<testsuite skipped="0" hostname="ZIL122" name="com.azureproject.test.TestCase01" tests="1" failures="0" timestamp="2020-04-01T10:59:49 IST" time="0.041" errors="0">
  <testcase name="webelement" time="0.041" classname="com.azureproject.test.TestCase01"/>
</testsuite> <!-- com.azureproject.test.TestCase01 -->
