<?xml version="1.0" encoding="UTF-8"?>
<!-- Generated by org.testng.reporters.JUnitReportReporter -->
<testsuite skipped="0" hostname="ZIL122" name="com.azureproject.test.AzureTest" tests="1" failures="0" timestamp="2020-04-01T12:18:16 IST" time="0.056" errors="0">
  <testcase name="webelement" time="0.056" classname="com.azureproject.test.AzureTest"/>
</testsuite> <!-- com.azureproject.test.AzureTest -->
