<?xml version="1.0" encoding="UTF-8"?>
<!-- Generated by org.testng.reporters.JUnitReportReporter -->
<testsuite skipped="0" hostname="ZIL122" name="com.perficient.testCases.AzureDevopsTest" tests="1" failures="0" timestamp="2020-04-02T21:33:49 IST" time="10.965" errors="0">
  <testcase name="Azure" time="10.965" classname="com.perficient.testCases.AzureDevopsTest"/>
  <system-out/>
</testsuite> <!-- com.perficient.testCases.AzureDevopsTest -->
